Flow report for DIGITAL-FREQUENCY-METER
Wed May 24 19:19:00 2017
Quartus Prime Version 16.1.2 Build 203 01/18/2017 SJ Standard Edition


---------------------
; Table of Contents ;
---------------------
  1. Legal Notice
  2. Flow Summary
  3. Flow Settings
  4. Flow Non-Default Global Settings
  5. Flow Elapsed Time
  6. Flow OS Summary
  7. Flow Log
  8. Flow Messages
  9. Flow Suppressed Messages



----------------
; Legal Notice ;
----------------
Copyright (C) 2017  Intel Corporation. All rights reserved.
Your use of Intel Corporation's design tools, logic functions 
and other software and tools, and its AMPP partner logic 
functions, and any output files from any of the foregoing 
(including device programming or simulation files), and any 
associated documentation or information are expressly subject 
to the terms and conditions of the Intel Program License 
Subscription Agreement, the Intel Quartus Prime License Agreement,
the Intel MegaCore Function License Agreement, or other 
applicable license agreement, including, without limitation, 
that your use is for the sole purpose of programming logic 
devices manufactured by Intel and sold by Intel or its 
authorized distributors.  Please refer to the applicable 
agreement for further details.



+--------------------------------------------------------------------------------------+
; Flow Summary                                                                         ;
+------------------------------------+-------------------------------------------------+
; Flow Status                        ; Successful - Wed May 24 19:18:56 2017           ;
; Quartus Prime Version              ; 16.1.2 Build 203 01/18/2017 SJ Standard Edition ;
; Revision Name                      ; DIGITAL-FREQUENCY-METER                         ;
; Top-level Entity Name              ; DIGITAL_FREQUENCY_METER                         ;
; Family                             ; Cyclone IV E                                    ;
; Device                             ; EP4CE6F17C8                                     ;
; Timing Models                      ; Final                                           ;
; Total logic elements               ; 369 / 6,272 ( 6 % )                             ;
;     Total combinational functions  ; 212 / 6,272 ( 3 % )                             ;
;     Dedicated logic registers      ; 301 / 6,272 ( 5 % )                             ;
; Total registers                    ; 301                                             ;
; Total pins                         ; 9 / 180 ( 5 % )                                 ;
; Total virtual pins                 ; 0                                               ;
; Total memory bits                  ; 0 / 276,480 ( 0 % )                             ;
; Embedded Multiplier 9-bit elements ; 0 / 30 ( 0 % )                                  ;
; Total PLLs                         ; 1 / 2 ( 50 % )                                  ;
+------------------------------------+-------------------------------------------------+


+---------------------------------------------+
; Flow Settings                               ;
+-------------------+-------------------------+
; Option            ; Setting                 ;
+-------------------+-------------------------+
; Start date & time ; 05/24/2017 19:18:33     ;
; Main task         ; Compilation             ;
; Revision Name     ; DIGITAL-FREQUENCY-METER ;
+-------------------+-------------------------+


+-----------------------------------------------------------------------------------------------------------------------------------------------+
; Flow Non-Default Global Settings                                                                                                              ;
+-------------------------------------+----------------------------------------+-------------------------+-------------------------+------------+
; Assignment Name                     ; Value                                  ; Default Value           ; Entity Name             ; Section Id ;
+-------------------------------------+----------------------------------------+-------------------------+-------------------------+------------+
; COMPILER_SIGNATURE_ID               ; 141812760587639.149562471301468        ; --                      ; --                      ; --         ;
; MAX_CORE_JUNCTION_TEMP              ; 85                                     ; --                      ; --                      ; --         ;
; MIN_CORE_JUNCTION_TEMP              ; 0                                      ; --                      ; --                      ; --         ;
; MISC_FILE                           ; PLL.ppf                                ; --                      ; --                      ; --         ;
; OUTPUT_IO_TIMING_FAR_END_VMEAS      ; Half Signal Swing                      ; --                      ; --                      ; --         ;
; OUTPUT_IO_TIMING_FAR_END_VMEAS      ; Half Signal Swing                      ; --                      ; --                      ; --         ;
; OUTPUT_IO_TIMING_NEAR_END_VMEAS     ; Half Vccio                             ; --                      ; --                      ; --         ;
; OUTPUT_IO_TIMING_NEAR_END_VMEAS     ; Half Vccio                             ; --                      ; --                      ; --         ;
; PARTITION_COLOR                     ; -- (Not supported for targeted family) ; --                      ; DIGITAL_FREQUENCY_METER ; Top        ;
; PARTITION_FITTER_PRESERVATION_LEVEL ; -- (Not supported for targeted family) ; --                      ; DIGITAL_FREQUENCY_METER ; Top        ;
; PARTITION_NETLIST_TYPE              ; -- (Not supported for targeted family) ; --                      ; DIGITAL_FREQUENCY_METER ; Top        ;
; PROJECT_OUTPUT_DIRECTORY            ; output_files                           ; --                      ; --                      ; --         ;
; TOP_LEVEL_ENTITY                    ; DIGITAL_FREQUENCY_METER                ; DIGITAL-FREQUENCY-METER ; --                      ; --         ;
+-------------------------------------+----------------------------------------+-------------------------+-------------------------+------------+


+-------------------------------------------------------------------------------------------------------------------------------+
; Flow Elapsed Time                                                                                                             ;
+---------------------------+--------------+-------------------------+---------------------+------------------------------------+
; Module Name               ; Elapsed Time ; Average Processors Used ; Peak Virtual Memory ; Total CPU Time (on all processors) ;
+---------------------------+--------------+-------------------------+---------------------+------------------------------------+
; Analysis & Synthesis      ; 00:00:12     ; 1.0                     ; 691 MB              ; 00:00:23                           ;
; Fitter                    ; 00:00:08     ; 1.0                     ; 1409 MB             ; 00:00:08                           ;
; Assembler                 ; 00:00:01     ; 1.0                     ; 555 MB              ; 00:00:01                           ;
; TimeQuest Timing Analyzer ; 00:00:02     ; 1.1                     ; 639 MB              ; 00:00:02                           ;
; Total                     ; 00:00:23     ; --                      ; --                  ; 00:00:34                           ;
+---------------------------+--------------+-------------------------+---------------------+------------------------------------+


+-------------------------------------------------------------------------------------------+
; Flow OS Summary                                                                           ;
+---------------------------+--------------------+------------+------------+----------------+
; Module Name               ; Machine Hostname   ; OS Name    ; OS Version ; Processor type ;
+---------------------------+--------------------+------------+------------+----------------+
; Analysis & Synthesis      ; 许若阳的笔记本电脑 ; Windows 10 ; 10.0       ; x86_64         ;
; Fitter                    ; 许若阳的笔记本电脑 ; Windows 10 ; 10.0       ; x86_64         ;
; Assembler                 ; 许若阳的笔记本电脑 ; Windows 10 ; 10.0       ; x86_64         ;
; TimeQuest Timing Analyzer ; 许若阳的笔记本电脑 ; Windows 10 ; 10.0       ; x86_64         ;
+---------------------------+--------------------+------------+------------+----------------+


------------
; Flow Log ;
------------
quartus_map --read_settings_files=on --write_settings_files=off DIGITAL-FREQUENCY-METER -c DIGITAL-FREQUENCY-METER
quartus_fit --read_settings_files=off --write_settings_files=off DIGITAL-FREQUENCY-METER -c DIGITAL-FREQUENCY-METER
quartus_asm --read_settings_files=off --write_settings_files=off DIGITAL-FREQUENCY-METER -c DIGITAL-FREQUENCY-METER
quartus_sta DIGITAL-FREQUENCY-METER -c DIGITAL-FREQUENCY-METER



