EDA Netlist Writer report for Digital-Frequency-Meter
Sat Apr 08 20:42:03 2017
Quartus Prime Version 16.1.2 Build 203 01/18/2017 SJ Standard Edition


---------------------
; Table of Contents ;
---------------------
  1. Legal Notice
  2. EDA Netlist Writer Summary
  3. Simulation Settings
  4. Simulation Generated Files
  5. EDA Netlist Writer Messages



----------------
; Legal Notice ;
----------------
Copyright (C) 2017  Intel Corporation. All rights reserved.
Your use of Intel Corporation's design tools, logic functions 
and other software and tools, and its AMPP partner logic 
functions, and any output files from any of the foregoing 
(including device programming or simulation files), and any 
associated documentation or information are expressly subject 
to the terms and conditions of the Intel Program License 
Subscription Agreement, the Intel Quartus Prime License Agreement,
the Intel MegaCore Function License Agreement, or other 
applicable license agreement, including, without limitation, 
that your use is for the sole purpose of programming logic 
devices manufactured by Intel and sold by Intel or its 
authorized distributors.  Please refer to the applicable 
agreement for further details.



+-------------------------------------------------------------------+
; EDA Netlist Writer Summary                                        ;
+---------------------------+---------------------------------------+
; EDA Netlist Writer Status ; Successful - Sat Apr 08 20:42:03 2017 ;
; Revision Name             ; Digital-Frequency-Meter               ;
; Top-level Entity Name     ; FREQTEST                              ;
; Family                    ; Cyclone IV E                          ;
; Simulation Files Creation ; Successful                            ;
+---------------------------+---------------------------------------+


+----------------------------------------------------------------------------------------------------------------------------+
; Simulation Settings                                                                                                        ;
+---------------------------------------------------------------------------------------------------+------------------------+
; Option                                                                                            ; Setting                ;
+---------------------------------------------------------------------------------------------------+------------------------+
; Tool Name                                                                                         ; ModelSim-Altera (VHDL) ;
; Generate functional simulation netlist                                                            ; Off                    ;
; Time scale                                                                                        ; 1 ps                   ;
; Truncate long hierarchy paths                                                                     ; Off                    ;
; Map illegal HDL characters                                                                        ; Off                    ;
; Flatten buses into individual nodes                                                               ; Off                    ;
; Maintain hierarchy                                                                                ; Off                    ;
; Bring out device-wide set/reset signals as ports                                                  ; Off                    ;
; Enable glitch filtering                                                                           ; Off                    ;
; Do not write top level VHDL entity                                                                ; Off                    ;
; Disable detection of setup and hold time violations in the input registers of bi-directional pins ; Off                    ;
; Architecture name in VHDL output netlist                                                          ; structure              ;
; Generate third-party EDA tool command script for RTL functional simulation                        ; Off                    ;
; Generate third-party EDA tool command script for gate-level simulation                            ; Off                    ;
+---------------------------------------------------------------------------------------------------+------------------------+


+------------------------------------------------------------------------------------------------------------------------+
; Simulation Generated Files                                                                                             ;
+------------------------------------------------------------------------------------------------------------------------+
; Generated Files                                                                                                        ;
+------------------------------------------------------------------------------------------------------------------------+
; D:/Develop/FPGA/Project/Digital-Frequency-Meter/simulation/modelsim/Digital-Frequency-Meter_8_1200mv_85c_slow.vho      ;
; D:/Develop/FPGA/Project/Digital-Frequency-Meter/simulation/modelsim/Digital-Frequency-Meter_8_1200mv_0c_slow.vho       ;
; D:/Develop/FPGA/Project/Digital-Frequency-Meter/simulation/modelsim/Digital-Frequency-Meter_min_1200mv_0c_fast.vho     ;
; D:/Develop/FPGA/Project/Digital-Frequency-Meter/simulation/modelsim/Digital-Frequency-Meter.vho                        ;
; D:/Develop/FPGA/Project/Digital-Frequency-Meter/simulation/modelsim/Digital-Frequency-Meter_8_1200mv_85c_vhd_slow.sdo  ;
; D:/Develop/FPGA/Project/Digital-Frequency-Meter/simulation/modelsim/Digital-Frequency-Meter_8_1200mv_0c_vhd_slow.sdo   ;
; D:/Develop/FPGA/Project/Digital-Frequency-Meter/simulation/modelsim/Digital-Frequency-Meter_min_1200mv_0c_vhd_fast.sdo ;
; D:/Develop/FPGA/Project/Digital-Frequency-Meter/simulation/modelsim/Digital-Frequency-Meter_vhd.sdo                    ;
+------------------------------------------------------------------------------------------------------------------------+


+-----------------------------+
; EDA Netlist Writer Messages ;
+-----------------------------+
Info: *******************************************************************
Info: Running Quartus Prime EDA Netlist Writer
    Info: Version 16.1.2 Build 203 01/18/2017 SJ Standard Edition
    Info: Processing started: Sat Apr 08 20:42:02 2017
Info: Command: quartus_eda --read_settings_files=off --write_settings_files=off Digital-Frequency-Meter -c Digital-Frequency-Meter
Warning (18236): Number of processors has not been specified which may cause overloading on shared machines.  Set the global assignment NUM_PARALLEL_PROCESSORS in your QSF to an appropriate value for best performance.
Info (204019): Generated file Digital-Frequency-Meter_8_1200mv_85c_slow.vho in folder "D:/Develop/FPGA/Project/Digital-Frequency-Meter/simulation/modelsim/" for EDA simulation tool
Info (204019): Generated file Digital-Frequency-Meter_8_1200mv_0c_slow.vho in folder "D:/Develop/FPGA/Project/Digital-Frequency-Meter/simulation/modelsim/" for EDA simulation tool
Info (204019): Generated file Digital-Frequency-Meter_min_1200mv_0c_fast.vho in folder "D:/Develop/FPGA/Project/Digital-Frequency-Meter/simulation/modelsim/" for EDA simulation tool
Info (204019): Generated file Digital-Frequency-Meter.vho in folder "D:/Develop/FPGA/Project/Digital-Frequency-Meter/simulation/modelsim/" for EDA simulation tool
Info (204019): Generated file Digital-Frequency-Meter_8_1200mv_85c_vhd_slow.sdo in folder "D:/Develop/FPGA/Project/Digital-Frequency-Meter/simulation/modelsim/" for EDA simulation tool
Info (204019): Generated file Digital-Frequency-Meter_8_1200mv_0c_vhd_slow.sdo in folder "D:/Develop/FPGA/Project/Digital-Frequency-Meter/simulation/modelsim/" for EDA simulation tool
Info (204019): Generated file Digital-Frequency-Meter_min_1200mv_0c_vhd_fast.sdo in folder "D:/Develop/FPGA/Project/Digital-Frequency-Meter/simulation/modelsim/" for EDA simulation tool
Info (204019): Generated file Digital-Frequency-Meter_vhd.sdo in folder "D:/Develop/FPGA/Project/Digital-Frequency-Meter/simulation/modelsim/" for EDA simulation tool
Info: Quartus Prime EDA Netlist Writer was successful. 0 errors, 1 warning
    Info: Peak virtual memory: 529 megabytes
    Info: Processing ended: Sat Apr 08 20:42:03 2017
    Info: Elapsed time: 00:00:01
    Info: Total CPU time (on all processors): 00:00:01


