Analysis & Synthesis report for Digital-Frequency-Meter
Sat Apr 08 20:41:48 2017
Quartus Prime Version 16.1.2 Build 203 01/18/2017 SJ Standard Edition


---------------------
; Table of Contents ;
---------------------
  1. Legal Notice
  2. Analysis & Synthesis Summary
  3. Analysis & Synthesis Settings
  4. Parallel Compilation
  5. Analysis & Synthesis Source Files Read
  6. Analysis & Synthesis Resource Usage Summary
  7. Analysis & Synthesis Resource Utilization by Entity
  8. Registers Removed During Synthesis
  9. General Register Statistics
 10. Inverted Register Statistics
 11. Multiplexer Restructuring Statistics (Restructuring Performed)
 12. Port Connectivity Checks: "SEG8:U11"
 13. Port Connectivity Checks: "CNT10:U8"
 14. Port Connectivity Checks: "CNT10:U7"
 15. Port Connectivity Checks: "CNT10:U6"
 16. Port Connectivity Checks: "CNT10:U5"
 17. Port Connectivity Checks: "CNT10:U4"
 18. Port Connectivity Checks: "CNT10:U3"
 19. Port Connectivity Checks: "DIVFREQ:U0"
 20. Post-Synthesis Netlist Statistics for Top Partition
 21. Elapsed Time Per Partition
 22. Analysis & Synthesis Messages



----------------
; Legal Notice ;
----------------
Copyright (C) 2017  Intel Corporation. All rights reserved.
Your use of Intel Corporation's design tools, logic functions 
and other software and tools, and its AMPP partner logic 
functions, and any output files from any of the foregoing 
(including device programming or simulation files), and any 
associated documentation or information are expressly subject 
to the terms and conditions of the Intel Program License 
Subscription Agreement, the Intel Quartus Prime License Agreement,
the Intel MegaCore Function License Agreement, or other 
applicable license agreement, including, without limitation, 
that your use is for the sole purpose of programming logic 
devices manufactured by Intel and sold by Intel or its 
authorized distributors.  Please refer to the applicable 
agreement for further details.



+--------------------------------------------------------------------------------------+
; Analysis & Synthesis Summary                                                         ;
+------------------------------------+-------------------------------------------------+
; Analysis & Synthesis Status        ; Successful - Sat Apr 08 20:41:48 2017           ;
; Quartus Prime Version              ; 16.1.2 Build 203 01/18/2017 SJ Standard Edition ;
; Revision Name                      ; Digital-Frequency-Meter                         ;
; Top-level Entity Name              ; FREQTEST                                        ;
; Family                             ; Cyclone IV E                                    ;
; Total logic elements               ; 131                                             ;
;     Total combinational functions  ; 105                                             ;
;     Dedicated logic registers      ; 97                                              ;
; Total registers                    ; 97                                              ;
; Total pins                         ; 16                                              ;
; Total virtual pins                 ; 0                                               ;
; Total memory bits                  ; 0                                               ;
; Embedded Multiplier 9-bit elements ; 0                                               ;
; Total PLLs                         ; 0                                               ;
+------------------------------------+-------------------------------------------------+


+---------------------------------------------------------------------------------------------------------------------------+
; Analysis & Synthesis Settings                                                                                             ;
+----------------------------------------------------------------------------+--------------------+-------------------------+
; Option                                                                     ; Setting            ; Default Value           ;
+----------------------------------------------------------------------------+--------------------+-------------------------+
; Device                                                                     ; EP4CE6F17C8        ;                         ;
; Top-level entity name                                                      ; FREQTEST           ; Digital-Frequency-Meter ;
; Family name                                                                ; Cyclone IV E       ; Cyclone V               ;
; Use smart compilation                                                      ; Off                ; Off                     ;
; Enable parallel Assembler and TimeQuest Timing Analyzer during compilation ; On                 ; On                      ;
; Enable compact report table                                                ; Off                ; Off                     ;
; Restructure Multiplexers                                                   ; Auto               ; Auto                    ;
; Create Debugging Nodes for IP Cores                                        ; Off                ; Off                     ;
; Preserve fewer node names                                                  ; On                 ; On                      ;
; OpenCore Plus hardware evaluation                                          ; Enable             ; Enable                  ;
; Verilog Version                                                            ; Verilog_2001       ; Verilog_2001            ;
; VHDL Version                                                               ; VHDL_1993          ; VHDL_1993               ;
; State Machine Processing                                                   ; Auto               ; Auto                    ;
; Safe State Machine                                                         ; Off                ; Off                     ;
; Extract Verilog State Machines                                             ; On                 ; On                      ;
; Extract VHDL State Machines                                                ; On                 ; On                      ;
; Ignore Verilog initial constructs                                          ; Off                ; Off                     ;
; Iteration limit for constant Verilog loops                                 ; 5000               ; 5000                    ;
; Iteration limit for non-constant Verilog loops                             ; 250                ; 250                     ;
; Add Pass-Through Logic to Inferred RAMs                                    ; On                 ; On                      ;
; Infer RAMs from Raw Logic                                                  ; On                 ; On                      ;
; Parallel Synthesis                                                         ; On                 ; On                      ;
; DSP Block Balancing                                                        ; Auto               ; Auto                    ;
; NOT Gate Push-Back                                                         ; On                 ; On                      ;
; Power-Up Don't Care                                                        ; On                 ; On                      ;
; Remove Redundant Logic Cells                                               ; Off                ; Off                     ;
; Remove Duplicate Registers                                                 ; On                 ; On                      ;
; Ignore CARRY Buffers                                                       ; Off                ; Off                     ;
; Ignore CASCADE Buffers                                                     ; Off                ; Off                     ;
; Ignore GLOBAL Buffers                                                      ; Off                ; Off                     ;
; Ignore ROW GLOBAL Buffers                                                  ; Off                ; Off                     ;
; Ignore LCELL Buffers                                                       ; Off                ; Off                     ;
; Ignore SOFT Buffers                                                        ; On                 ; On                      ;
; Limit AHDL Integers to 32 Bits                                             ; Off                ; Off                     ;
; Optimization Technique                                                     ; Balanced           ; Balanced                ;
; Carry Chain Length                                                         ; 70                 ; 70                      ;
; Auto Carry Chains                                                          ; On                 ; On                      ;
; Auto Open-Drain Pins                                                       ; On                 ; On                      ;
; Perform WYSIWYG Primitive Resynthesis                                      ; Off                ; Off                     ;
; Auto ROM Replacement                                                       ; On                 ; On                      ;
; Auto RAM Replacement                                                       ; On                 ; On                      ;
; Auto DSP Block Replacement                                                 ; On                 ; On                      ;
; Auto Shift Register Replacement                                            ; Auto               ; Auto                    ;
; Allow Shift Register Merging across Hierarchies                            ; Auto               ; Auto                    ;
; Auto Clock Enable Replacement                                              ; On                 ; On                      ;
; Strict RAM Replacement                                                     ; Off                ; Off                     ;
; Allow Synchronous Control Signals                                          ; On                 ; On                      ;
; Force Use of Synchronous Clear Signals                                     ; Off                ; Off                     ;
; Auto RAM Block Balancing                                                   ; On                 ; On                      ;
; Auto RAM to Logic Cell Conversion                                          ; Off                ; Off                     ;
; Auto Resource Sharing                                                      ; Off                ; Off                     ;
; Allow Any RAM Size For Recognition                                         ; Off                ; Off                     ;
; Allow Any ROM Size For Recognition                                         ; Off                ; Off                     ;
; Allow Any Shift Register Size For Recognition                              ; Off                ; Off                     ;
; Use LogicLock Constraints during Resource Balancing                        ; On                 ; On                      ;
; Ignore translate_off and synthesis_off directives                          ; Off                ; Off                     ;
; Timing-Driven Synthesis                                                    ; On                 ; On                      ;
; Report Parameter Settings                                                  ; On                 ; On                      ;
; Report Source Assignments                                                  ; On                 ; On                      ;
; Report Connectivity Checks                                                 ; On                 ; On                      ;
; Ignore Maximum Fan-Out Assignments                                         ; Off                ; Off                     ;
; Synchronization Register Chain Length                                      ; 2                  ; 2                       ;
; PowerPlay Power Optimization During Synthesis                              ; Normal compilation ; Normal compilation      ;
; HDL message level                                                          ; Level2             ; Level2                  ;
; Suppress Register Optimization Related Messages                            ; Off                ; Off                     ;
; Number of Removed Registers Reported in Synthesis Report                   ; 5000               ; 5000                    ;
; Number of Swept Nodes Reported in Synthesis Report                         ; 5000               ; 5000                    ;
; Number of Inverted Registers Reported in Synthesis Report                  ; 100                ; 100                     ;
; Clock MUX Protection                                                       ; On                 ; On                      ;
; Auto Gated Clock Conversion                                                ; Off                ; Off                     ;
; Block Design Naming                                                        ; Auto               ; Auto                    ;
; SDC constraint protection                                                  ; Off                ; Off                     ;
; Synthesis Effort                                                           ; Auto               ; Auto                    ;
; Shift Register Replacement - Allow Asynchronous Clear Signal               ; On                 ; On                      ;
; Pre-Mapping Resynthesis Optimization                                       ; Off                ; Off                     ;
; Analysis & Synthesis Message Level                                         ; Medium             ; Medium                  ;
; Disable Register Merging Across Hierarchies                                ; Auto               ; Auto                    ;
; Resource Aware Inference For Block RAM                                     ; On                 ; On                      ;
+----------------------------------------------------------------------------+--------------------+-------------------------+


+------------------------------------------+
; Parallel Compilation                     ;
+----------------------------+-------------+
; Processors                 ; Number      ;
+----------------------------+-------------+
; Number detected on machine ; 4           ;
; Maximum allowed            ; 4           ;
;                            ;             ;
; Average used               ; 1.00        ;
; Maximum used               ; 4           ;
;                            ;             ;
; Usage by Processor         ; % Time Used ;
;     Processor 1            ; 100.0%      ;
;     Processor 2            ;   0.0%      ;
;     Processors 3-4         ;   0.0%      ;
+----------------------------+-------------+


+--------------------------------------------------------------------------------------------------------------------------------------------------+
; Analysis & Synthesis Source Files Read                                                                                                           ;
+----------------------------------+-----------------+-----------------+-----------------------------------------------------------------+---------+
; File Name with User-Entered Path ; Used in Netlist ; File Type       ; File Name with Absolute Path                                    ; Library ;
+----------------------------------+-----------------+-----------------+-----------------------------------------------------------------+---------+
; CNT10.vhd                        ; yes             ; User VHDL File  ; D:/Develop/FPGA/Project/Digital-Frequency-Meter/CNT10.vhd       ;         ;
; TESTCTL.vhd                      ; yes             ; User VHDL File  ; D:/Develop/FPGA/Project/Digital-Frequency-Meter/TESTCTL.vhd     ;         ;
; FREQTEST.vhd                     ; yes             ; User VHDL File  ; D:/Develop/FPGA/Project/Digital-Frequency-Meter/FREQTEST.vhd    ;         ;
; REG24B.vhd                       ; yes             ; User VHDL File  ; D:/Develop/FPGA/Project/Digital-Frequency-Meter/REG24B.vhd      ;         ;
; SEG8.vhd                         ; yes             ; User VHDL File  ; D:/Develop/FPGA/Project/Digital-Frequency-Meter/SEG8.vhd        ;         ;
; DIVFREQ.vhd                      ; yes             ; User VHDL File  ; D:/Develop/FPGA/Project/Digital-Frequency-Meter/DIVFREQ.vhd     ;         ;
; DECODER3TO8.vhd                  ; yes             ; User VHDL File  ; D:/Develop/FPGA/Project/Digital-Frequency-Meter/DECODER3TO8.vhd ;         ;
; LEDCTRL.vhd                      ; yes             ; User VHDL File  ; D:/Develop/FPGA/Project/Digital-Frequency-Meter/LEDCTRL.vhd     ;         ;
+----------------------------------+-----------------+-----------------+-----------------------------------------------------------------+---------+


+--------------------------------------------------------------+
; Analysis & Synthesis Resource Usage Summary                  ;
+---------------------------------------------+----------------+
; Resource                                    ; Usage          ;
+---------------------------------------------+----------------+
; Estimated Total logic elements              ; 131            ;
;                                             ;                ;
; Total combinational functions               ; 105            ;
; Logic element usage by number of LUT inputs ;                ;
;     -- 4 input functions                    ; 66             ;
;     -- 3 input functions                    ; 28             ;
;     -- <=2 input functions                  ; 11             ;
;                                             ;                ;
; Logic elements by mode                      ;                ;
;     -- normal mode                          ; 105            ;
;     -- arithmetic mode                      ; 0              ;
;                                             ;                ;
; Total registers                             ; 97             ;
;     -- Dedicated logic registers            ; 97             ;
;     -- I/O registers                        ; 0              ;
;                                             ;                ;
; I/O pins                                    ; 16             ;
;                                             ;                ;
; Embedded Multiplier 9-bit elements          ; 0              ;
;                                             ;                ;
; Maximum fan-out node                        ; DIVFREQ:U0|CO7 ;
; Maximum fan-out                             ; 27             ;
; Total fan-out                               ; 647            ;
; Average fan-out                             ; 2.76           ;
+---------------------------------------------+----------------+


+----------------------------------------------------------------------------------------------------------------------------------------------------------------------------------------------------------------+
; Analysis & Synthesis Resource Utilization by Entity                                                                                                                                                            ;
+----------------------------+---------------------+---------------------------+-------------+--------------+---------+-----------+------+--------------+---------------------------+-------------+--------------+
; Compilation Hierarchy Node ; Combinational ALUTs ; Dedicated Logic Registers ; Memory Bits ; DSP Elements ; DSP 9x9 ; DSP 18x18 ; Pins ; Virtual Pins ; Full Hierarchy Name       ; Entity Name ; Library Name ;
+----------------------------+---------------------+---------------------------+-------------+--------------+---------+-----------+------+--------------+---------------------------+-------------+--------------+
; |FREQTEST                  ; 105 (0)             ; 97 (0)                    ; 0           ; 0            ; 0       ; 0         ; 16   ; 0            ; |FREQTEST                 ; FREQTEST    ; work         ;
;    |CNT10:U3|              ; 5 (5)               ; 4 (4)                     ; 0           ; 0            ; 0       ; 0         ; 0    ; 0            ; |FREQTEST|CNT10:U3        ; CNT10       ; work         ;
;    |CNT10:U4|              ; 5 (5)               ; 4 (4)                     ; 0           ; 0            ; 0       ; 0         ; 0    ; 0            ; |FREQTEST|CNT10:U4        ; CNT10       ; work         ;
;    |CNT10:U5|              ; 5 (5)               ; 4 (4)                     ; 0           ; 0            ; 0       ; 0         ; 0    ; 0            ; |FREQTEST|CNT10:U5        ; CNT10       ; work         ;
;    |CNT10:U6|              ; 5 (5)               ; 4 (4)                     ; 0           ; 0            ; 0       ; 0         ; 0    ; 0            ; |FREQTEST|CNT10:U6        ; CNT10       ; work         ;
;    |CNT10:U7|              ; 5 (5)               ; 4 (4)                     ; 0           ; 0            ; 0       ; 0         ; 0    ; 0            ; |FREQTEST|CNT10:U7        ; CNT10       ; work         ;
;    |CNT10:U8|              ; 4 (4)               ; 4 (4)                     ; 0           ; 0            ; 0       ; 0         ; 0    ; 0            ; |FREQTEST|CNT10:U8        ; CNT10       ; work         ;
;    |DECODER3TO8:U10|       ; 6 (6)               ; 0 (0)                     ; 0           ; 0            ; 0       ; 0         ; 0    ; 0            ; |FREQTEST|DECODER3TO8:U10 ; DECODER3TO8 ; work         ;
;    |DIVFREQ:U0|            ; 46 (46)             ; 39 (39)                   ; 0           ; 0            ; 0       ; 0         ; 0    ; 0            ; |FREQTEST|DIVFREQ:U0      ; DIVFREQ     ; work         ;
;    |LEDCTRL:U9|            ; 15 (15)             ; 9 (9)                     ; 0           ; 0            ; 0       ; 0         ; 0    ; 0            ; |FREQTEST|LEDCTRL:U9      ; LEDCTRL     ; work         ;
;    |REG24B:U2|             ; 0 (0)               ; 24 (24)                   ; 0           ; 0            ; 0       ; 0         ; 0    ; 0            ; |FREQTEST|REG24B:U2       ; REG24B      ; work         ;
;    |SEG8:U11|              ; 7 (7)               ; 0 (0)                     ; 0           ; 0            ; 0       ; 0         ; 0    ; 0            ; |FREQTEST|SEG8:U11        ; SEG8        ; work         ;
;    |TESTCTL:U1|            ; 2 (2)               ; 1 (1)                     ; 0           ; 0            ; 0       ; 0         ; 0    ; 0            ; |FREQTEST|TESTCTL:U1      ; TESTCTL     ; work         ;
+----------------------------+---------------------+---------------------------+-------------+--------------+---------+-----------+------+--------------+---------------------------+-------------+--------------+
Note: For table entries with two numbers listed, the numbers in parentheses indicate the number of resources of the given type used by the specific entity alone. The numbers listed outside of parentheses indicate the total resources of the given type used by the specific entity and all of its sub-entities in the hierarchy.


+--------------------------------------------------------------------------+
; Registers Removed During Synthesis                                       ;
+---------------------------------------+----------------------------------+
; Register name                         ; Reason for Removal               ;
+---------------------------------------+----------------------------------+
; LEDCTRL:U9|COUNTER[0]                 ; Merged with LEDCTRL:U9|CURSOR[0] ;
; Total Number of Removed Registers = 1 ;                                  ;
+---------------------------------------+----------------------------------+


+------------------------------------------------------+
; General Register Statistics                          ;
+----------------------------------------------+-------+
; Statistic                                    ; Value ;
+----------------------------------------------+-------+
; Total registers                              ; 97    ;
; Number of registers using Synchronous Clear  ; 0     ;
; Number of registers using Synchronous Load   ; 4     ;
; Number of registers using Asynchronous Clear ; 24    ;
; Number of registers using Asynchronous Load  ; 0     ;
; Number of registers using Clock Enable       ; 24    ;
; Number of registers using Preset             ; 0     ;
+----------------------------------------------+-------+


+--------------------------------------------------+
; Inverted Register Statistics                     ;
+----------------------------------------+---------+
; Inverted Register                      ; Fan out ;
+----------------------------------------+---------+
; LEDCTRL:U9|CURSOR[0]                   ; 17      ;
; Total number of inverted registers = 1 ;         ;
+----------------------------------------+---------+


+------------------------------------------------------------------------------------------------------------------------------------------------------+
; Multiplexer Restructuring Statistics (Restructuring Performed)                                                                                       ;
+--------------------+-----------+---------------+----------------------+------------------------+------------+----------------------------------------+
; Multiplexer Inputs ; Bus Width ; Baseline Area ; Area if Restructured ; Saving if Restructured ; Registered ; Example Multiplexer Output             ;
+--------------------+-----------+---------------+----------------------+------------------------+------------+----------------------------------------+
; 6:1                ; 4 bits    ; 16 LEs        ; 16 LEs               ; 0 LEs                  ; Yes        ; |FREQTEST|LEDCTRL:U9|NUM[0]            ;
; 3:1                ; 2 bits    ; 4 LEs         ; 2 LEs                ; 2 LEs                  ; No         ; |FREQTEST|DECODER3TO8:U10|RotateRight0 ;
; 3:1                ; 2 bits    ; 4 LEs         ; 2 LEs                ; 2 LEs                  ; No         ; |FREQTEST|DECODER3TO8:U10|RotateRight0 ;
+--------------------+-----------+---------------+----------------------+------------------------+------------+----------------------------------------+


+----------------------------------------+
; Port Connectivity Checks: "SEG8:U11"   ;
+------+-------+----------+--------------+
; Port ; Type  ; Severity ; Details      ;
+------+-------+----------+--------------+
; dot  ; Input ; Info     ; Stuck at GND ;
+------+-------+----------+--------------+


+-----------------------------------------------------------------------------------------------------------------------------+
; Port Connectivity Checks: "CNT10:U8"                                                                                        ;
+-----------+--------+------------------+-------------------------------------------------------------------------------------+
; Port      ; Type   ; Severity         ; Details                                                                             ;
+-----------+--------+------------------+-------------------------------------------------------------------------------------+
; cq        ; Output ; Critical Warning ; Types are incompatible                                                              ;
; carry_out ; Output ; Info             ; Connected to dangling logic. Logic that only feeds a dangling port will be removed. ;
+-----------+--------+------------------+-------------------------------------------------------------------------------------+


+-----------------------------------------------------------+
; Port Connectivity Checks: "CNT10:U7"                      ;
+------+--------+------------------+------------------------+
; Port ; Type   ; Severity         ; Details                ;
+------+--------+------------------+------------------------+
; cq   ; Output ; Critical Warning ; Types are incompatible ;
+------+--------+------------------+------------------------+


+-----------------------------------------------------------+
; Port Connectivity Checks: "CNT10:U6"                      ;
+------+--------+------------------+------------------------+
; Port ; Type   ; Severity         ; Details                ;
+------+--------+------------------+------------------------+
; cq   ; Output ; Critical Warning ; Types are incompatible ;
+------+--------+------------------+------------------------+


+-----------------------------------------------------------+
; Port Connectivity Checks: "CNT10:U5"                      ;
+------+--------+------------------+------------------------+
; Port ; Type   ; Severity         ; Details                ;
+------+--------+------------------+------------------------+
; cq   ; Output ; Critical Warning ; Types are incompatible ;
+------+--------+------------------+------------------------+


+-----------------------------------------------------------+
; Port Connectivity Checks: "CNT10:U4"                      ;
+------+--------+------------------+------------------------+
; Port ; Type   ; Severity         ; Details                ;
+------+--------+------------------+------------------------+
; cq   ; Output ; Critical Warning ; Types are incompatible ;
+------+--------+------------------+------------------------+


+-----------------------------------------------------------+
; Port Connectivity Checks: "CNT10:U3"                      ;
+------+--------+------------------+------------------------+
; Port ; Type   ; Severity         ; Details                ;
+------+--------+------------------+------------------------+
; cq   ; Output ; Critical Warning ; Types are incompatible ;
+------+--------+------------------+------------------------+


+------------------------------------------------------------------------------------------------------------------------+
; Port Connectivity Checks: "DIVFREQ:U0"                                                                                 ;
+--------------+--------+----------+-------------------------------------------------------------------------------------+
; Port         ; Type   ; Severity ; Details                                                                             ;
+--------------+--------+----------+-------------------------------------------------------------------------------------+
; clkbus[8..7] ; Output ; Info     ; Connected to dangling logic. Logic that only feeds a dangling port will be removed. ;
; clkbus[3..2] ; Output ; Info     ; Connected to dangling logic. Logic that only feeds a dangling port will be removed. ;
; clkbus[5]    ; Output ; Info     ; Connected to dangling logic. Logic that only feeds a dangling port will be removed. ;
; clkbus[0]    ; Output ; Info     ; Connected to dangling logic. Logic that only feeds a dangling port will be removed. ;
+--------------+--------+----------+-------------------------------------------------------------------------------------+


+-----------------------------------------------------+
; Post-Synthesis Netlist Statistics for Top Partition ;
+-----------------------+-----------------------------+
; Type                  ; Count                       ;
+-----------------------+-----------------------------+
; boundary_port         ; 16                          ;
; cycloneiii_ff         ; 97                          ;
;     ENA CLR           ; 24                          ;
;     SLD               ; 4                           ;
;     plain             ; 69                          ;
; cycloneiii_lcell_comb ; 107                         ;
;     normal            ; 107                         ;
;         0 data inputs ; 1                           ;
;         1 data inputs ; 3                           ;
;         2 data inputs ; 9                           ;
;         3 data inputs ; 28                          ;
;         4 data inputs ; 66                          ;
;                       ;                             ;
; Max LUT depth         ; 2.00                        ;
; Average LUT depth     ; 1.24                        ;
+-----------------------+-----------------------------+


+-------------------------------+
; Elapsed Time Per Partition    ;
+----------------+--------------+
; Partition Name ; Elapsed Time ;
+----------------+--------------+
; Top            ; 00:00:00     ;
+----------------+--------------+


+-------------------------------+
; Analysis & Synthesis Messages ;
+-------------------------------+
Info: *******************************************************************
Info: Running Quartus Prime Analysis & Synthesis
    Info: Version 16.1.2 Build 203 01/18/2017 SJ Standard Edition
    Info: Processing started: Sat Apr 08 20:41:36 2017
Info: Command: quartus_map --read_settings_files=on --write_settings_files=off Digital-Frequency-Meter -c Digital-Frequency-Meter
Warning (18236): Number of processors has not been specified which may cause overloading on shared machines.  Set the global assignment NUM_PARALLEL_PROCESSORS in your QSF to an appropriate value for best performance.
Info (20030): Parallel compilation is enabled and will use 4 of the 4 processors detected
Info (12021): Found 2 design units, including 1 entities, in source file cnt10.vhd
    Info (12022): Found design unit 1: CNT10-behav File: D:/Develop/FPGA/Project/Digital-Frequency-Meter/CNT10.vhd Line: 10
    Info (12023): Found entity 1: CNT10 File: D:/Develop/FPGA/Project/Digital-Frequency-Meter/CNT10.vhd Line: 3
Info (12021): Found 2 design units, including 1 entities, in source file testctl.vhd
    Info (12022): Found design unit 1: TESTCTL-behav File: D:/Develop/FPGA/Project/Digital-Frequency-Meter/TESTCTL.vhd Line: 10
    Info (12023): Found entity 1: TESTCTL File: D:/Develop/FPGA/Project/Digital-Frequency-Meter/TESTCTL.vhd Line: 4
Info (12021): Found 2 design units, including 1 entities, in source file freqtest.vhd
    Info (12022): Found design unit 1: FREQTEST-struc File: D:/Develop/FPGA/Project/Digital-Frequency-Meter/FREQTEST.vhd Line: 9
    Info (12023): Found entity 1: FREQTEST File: D:/Develop/FPGA/Project/Digital-Frequency-Meter/FREQTEST.vhd Line: 3
Info (12021): Found 2 design units, including 1 entities, in source file reg24b.vhd
    Info (12022): Found design unit 1: REG24B-behav File: D:/Develop/FPGA/Project/Digital-Frequency-Meter/REG24B.vhd Line: 8
    Info (12023): Found entity 1: REG24B File: D:/Develop/FPGA/Project/Digital-Frequency-Meter/REG24B.vhd Line: 3
Info (12021): Found 2 design units, including 1 entities, in source file seg8.vhd
    Info (12022): Found design unit 1: SEG8-behav File: D:/Develop/FPGA/Project/Digital-Frequency-Meter/SEG8.vhd Line: 8
    Info (12023): Found entity 1: SEG8 File: D:/Develop/FPGA/Project/Digital-Frequency-Meter/SEG8.vhd Line: 3
Info (12021): Found 2 design units, including 1 entities, in source file divfreq.vhd
    Info (12022): Found design unit 1: DIVFREQ-behav File: D:/Develop/FPGA/Project/Digital-Frequency-Meter/DIVFREQ.vhd Line: 7
    Info (12023): Found entity 1: DIVFREQ File: D:/Develop/FPGA/Project/Digital-Frequency-Meter/DIVFREQ.vhd Line: 3
Info (12021): Found 2 design units, including 1 entities, in source file decoder3to8.vhd
    Info (12022): Found design unit 1: DECODER3TO8-behav File: D:/Develop/FPGA/Project/Digital-Frequency-Meter/DECODER3TO8.vhd Line: 8
    Info (12023): Found entity 1: DECODER3TO8 File: D:/Develop/FPGA/Project/Digital-Frequency-Meter/DECODER3TO8.vhd Line: 4
Info (12021): Found 2 design units, including 1 entities, in source file ledctrl.vhd
    Info (12022): Found design unit 1: LEDCTRL-behav File: D:/Develop/FPGA/Project/Digital-Frequency-Meter/LEDCTRL.vhd Line: 10
    Info (12023): Found entity 1: LEDCTRL File: D:/Develop/FPGA/Project/Digital-Frequency-Meter/LEDCTRL.vhd Line: 4
Info (12127): Elaborating entity "FREQTEST" for the top level hierarchy
Info (12128): Elaborating entity "DIVFREQ" for hierarchy "DIVFREQ:U0" File: D:/Develop/FPGA/Project/Digital-Frequency-Meter/FREQTEST.vhd Line: 55
Info (12128): Elaborating entity "TESTCTL" for hierarchy "TESTCTL:U1" File: D:/Develop/FPGA/Project/Digital-Frequency-Meter/FREQTEST.vhd Line: 57
Info (12128): Elaborating entity "REG24B" for hierarchy "REG24B:U2" File: D:/Develop/FPGA/Project/Digital-Frequency-Meter/FREQTEST.vhd Line: 61
Info (12128): Elaborating entity "CNT10" for hierarchy "CNT10:U3" File: D:/Develop/FPGA/Project/Digital-Frequency-Meter/FREQTEST.vhd Line: 64
Info (12128): Elaborating entity "LEDCTRL" for hierarchy "LEDCTRL:U9" File: D:/Develop/FPGA/Project/Digital-Frequency-Meter/FREQTEST.vhd Line: 93
Info (12128): Elaborating entity "DECODER3TO8" for hierarchy "DECODER3TO8:U10" File: D:/Develop/FPGA/Project/Digital-Frequency-Meter/FREQTEST.vhd Line: 97
Info (12128): Elaborating entity "SEG8" for hierarchy "SEG8:U11" File: D:/Develop/FPGA/Project/Digital-Frequency-Meter/FREQTEST.vhd Line: 99
Warning (12241): 6 hierarchies have connectivity warnings - see the Connectivity Checks report folder
Warning (13024): Output pins are stuck at VCC or GND
    Warning (13410): Pin "DUAN[7]" is stuck at VCC File: D:/Develop/FPGA/Project/Digital-Frequency-Meter/FREQTEST.vhd Line: 6
Info (286030): Timing-Driven Synthesis is running
Info (16010): Generating hard_block partition "hard_block:auto_generated_inst"
    Info (16011): Adding 0 node(s), including 0 DDIO, 0 PLL, 0 transceiver and 0 LCELL
Warning (21074): Design contains 1 input pin(s) that do not drive logic
    Warning (15610): No output dependent on input pin "FSIN" File: D:/Develop/FPGA/Project/Digital-Frequency-Meter/FREQTEST.vhd Line: 5
Info (21057): Implemented 147 device resources after synthesis - the final resource count might be different
    Info (21058): Implemented 2 input pins
    Info (21059): Implemented 14 output pins
    Info (21061): Implemented 131 logic cells
Info: Quartus Prime Analysis & Synthesis was successful. 0 errors, 6 warnings
    Info: Peak virtual memory: 676 megabytes
    Info: Processing ended: Sat Apr 08 20:41:48 2017
    Info: Elapsed time: 00:00:12
    Info: Total CPU time (on all processors): 00:00:24


